<?xml version="1.0" encoding="UTF-8"?>
<testng-results ignored="0" total="3" passed="3" failed="0" skipped="0">
  <reporter-output>
  </reporter-output>
  <suite started-at="2026-03-19T19:06:52 IST" name="Default suite" finished-at="2026-03-19T19:07:16 IST" duration-ms="24204">
    <groups>
      <group name="cucumber">
        <method signature="AbstractTestNGCucumberTests.runScenario(io.cucumber.testng.PickleWrapper,io.cucumber.testng.FeatureWrapper)[pri:0, instance:runner.RunnerClass@ba2f4ec]" name="runScenario" class="io.cucumber.testng.AbstractTestNGCucumberTests"/>
      </group> <!-- cucumber -->
    </groups>
    <test started-at="2026-03-19T19:06:52 IST" name="Default test" finished-at="2026-03-19T19:07:16 IST" duration-ms="24204">
      <class name="runner.RunnerClass">
        <test-method is-config="true" signature="setUpClass(org.testng.ITestContext)[pri:0, instance:runner.RunnerClass@ba2f4ec]" started-at="2026-03-19T19:06:52 IST" name="setUpClass" finished-at="2026-03-19T19:06:53 IST" duration-ms="782" status="PASS">
          <params>
            <param index="0">
              <value>
                <![CDATA[org.testng.TestRunner@35f3a22c]]>
              </value>
            </param>
          </params>
          <reporter-output>
          </reporter-output>
        </test-method> <!-- setUpClass -->
        <test-method signature="runScenario(io.cucumber.testng.PickleWrapper,io.cucumber.testng.FeatureWrapper)[pri:0, instance:runner.RunnerClass@ba2f4ec]" started-at="2026-03-19T19:06:53 IST" name="runScenario" description="Runs Cucumber Scenarios" data-provider="scenarios" finished-at="2026-03-19T19:07:00 IST" duration-ms="6801" status="PASS">
          <params>
            <param index="0">
              <value>
                <![CDATA["Fill the form details"]]>
              </value>
            </param>
            <param index="1">
              <value>
                <![CDATA["Interact will all GUI Element"]]>
              </value>
            </param>
          </params>
          <reporter-output>
          </reporter-output>
        </test-method> <!-- runScenario -->
        <test-method signature="runScenario(io.cucumber.testng.PickleWrapper,io.cucumber.testng.FeatureWrapper)[pri:0, instance:runner.RunnerClass@ba2f4ec]" started-at="2026-03-19T19:07:00 IST" name="runScenario" description="Runs Cucumber Scenarios" data-provider="scenarios" finished-at="2026-03-19T19:07:07 IST" duration-ms="7159" status="PASS">
          <params>
            <param index="0">
              <value>
                <![CDATA["Radio and Dropdown"]]>
              </value>
            </param>
            <param index="1">
              <value>
                <![CDATA["Interact will all GUI Element"]]>
              </value>
            </param>
          </params>
          <reporter-output>
          </reporter-output>
        </test-method> <!-- runScenario -->
        <test-method signature="runScenario(io.cucumber.testng.PickleWrapper,io.cucumber.testng.FeatureWrapper)[pri:0, instance:runner.RunnerClass@ba2f4ec]" started-at="2026-03-19T19:07:07 IST" name="runScenario" description="Runs Cucumber Scenarios" data-provider="scenarios" finished-at="2026-03-19T19:07:14 IST" duration-ms="6924" status="PASS">
          <params>
            <param index="0">
              <value>
                <![CDATA["List on webpage"]]>
              </value>
            </param>
            <param index="1">
              <value>
                <![CDATA["Interact will all GUI Element"]]>
              </value>
            </param>
          </params>
          <reporter-output>
          </reporter-output>
        </test-method> <!-- runScenario -->
        <test-method is-config="true" signature="tearDownClass()[pri:0, instance:runner.RunnerClass@ba2f4ec]" started-at="2026-03-19T19:07:14 IST" name="tearDownClass" finished-at="2026-03-19T19:07:16 IST" duration-ms="2475" status="PASS">
          <reporter-output>
          </reporter-output>
        </test-method> <!-- tearDownClass -->
      </class> <!-- runner.RunnerClass -->
    </test> <!-- Default test -->
  </suite> <!-- Default suite -->
</testng-results>
