<?xml version="1.0" encoding="UTF-8"?>
<testng-results ignored="0" total="3" passed="3" failed="0" skipped="0">
  <reporter-output>
  </reporter-output>
  <suite started-at="2026-03-18T16:18:27 IST" name="Suite" finished-at="2026-03-18T16:19:07 IST" duration-ms="40379">
    <groups>
      <group name="cucumber">
        <method signature="AbstractTestNGCucumberTests.runScenario(io.cucumber.testng.PickleWrapper,io.cucumber.testng.FeatureWrapper)[pri:0, instance:runner.RunnerClass@ba2f4ec]" name="runScenario" class="io.cucumber.testng.AbstractTestNGCucumberTests"/>
      </group> <!-- cucumber -->
    </groups>
    <test started-at="2026-03-18T16:18:27 IST" name="Test" finished-at="2026-03-18T16:19:07 IST" duration-ms="40379">
      <class name="runner.RunnerClass">
        <test-method is-config="true" signature="setUpClass(org.testng.ITestContext)[pri:0, instance:runner.RunnerClass@ba2f4ec]" started-at="2026-03-18T16:18:27 IST" name="setUpClass" finished-at="2026-03-18T16:18:27 IST" duration-ms="639" status="PASS">
          <params>
            <param index="0">
              <value>
                <![CDATA[org.testng.TestRunner@6015a4a5]]>
              </value>
            </param>
          </params>
          <reporter-output>
          </reporter-output>
        </test-method> <!-- setUpClass -->
        <test-method signature="runScenario(io.cucumber.testng.PickleWrapper,io.cucumber.testng.FeatureWrapper)[pri:0, instance:runner.RunnerClass@ba2f4ec]" started-at="2026-03-18T16:18:27 IST" name="runScenario" description="Runs Cucumber Scenarios" data-provider="scenarios" finished-at="2026-03-18T16:18:38 IST" duration-ms="10681" status="PASS">
          <params>
            <param index="0">
              <value>
                <![CDATA["Fill the form details"]]>
              </value>
            </param>
            <param index="1">
              <value>
                <![CDATA["Interact will all GUI Element"]]>
              </value>
            </param>
          </params>
          <reporter-output>
          </reporter-output>
        </test-method> <!-- runScenario -->
        <test-method signature="runScenario(io.cucumber.testng.PickleWrapper,io.cucumber.testng.FeatureWrapper)[pri:0, instance:runner.RunnerClass@ba2f4ec]" started-at="2026-03-18T16:18:38 IST" name="runScenario" description="Runs Cucumber Scenarios" data-provider="scenarios" finished-at="2026-03-18T16:18:57 IST" duration-ms="18465" status="PASS">
          <params>
            <param index="0">
              <value>
                <![CDATA["Radio and Dropdown"]]>
              </value>
            </param>
            <param index="1">
              <value>
                <![CDATA["Interact will all GUI Element"]]>
              </value>
            </param>
          </params>
          <reporter-output>
          </reporter-output>
        </test-method> <!-- runScenario -->
        <test-method signature="runScenario(io.cucumber.testng.PickleWrapper,io.cucumber.testng.FeatureWrapper)[pri:0, instance:runner.RunnerClass@ba2f4ec]" started-at="2026-03-18T16:18:57 IST" name="runScenario" description="Runs Cucumber Scenarios" data-provider="scenarios" finished-at="2026-03-18T16:19:03 IST" duration-ms="6603" status="PASS">
          <params>
            <param index="0">
              <value>
                <![CDATA["List on webpage"]]>
              </value>
            </param>
            <param index="1">
              <value>
                <![CDATA["Interact will all GUI Element"]]>
              </value>
            </param>
          </params>
          <reporter-output>
          </reporter-output>
        </test-method> <!-- runScenario -->
        <test-method is-config="true" signature="tearDownClass()[pri:0, instance:runner.RunnerClass@ba2f4ec]" started-at="2026-03-18T16:19:03 IST" name="tearDownClass" finished-at="2026-03-18T16:19:07 IST" duration-ms="3936" status="PASS">
          <reporter-output>
          </reporter-output>
        </test-method> <!-- tearDownClass -->
      </class> <!-- runner.RunnerClass -->
    </test> <!-- Test -->
  </suite> <!-- Suite -->
</testng-results>
