<?xml version="1.0" encoding="UTF-8"?>
<!-- Generated by org.testng.reporters.JUnitReportReporter -->
<testsuite hostname="Heaven" failures="0" tests="3" name="runner.RunnerClass" time="35.749" errors="0" timestamp="2026-03-18T16:19:07 IST" skipped="0">
  <testcase classname="runner.RunnerClass" name="runScenario" time="18.465"/>
  <testcase classname="runner.RunnerClass" name="runScenario" time="6.603"/>
  <testcase classname="runner.RunnerClass" name="runScenario" time="10.681"/>
</testsuite> <!-- runner.RunnerClass -->
