<?xml version="1.0" encoding="UTF-8"?>
<!-- Generated by org.testng.reporters.JUnitReportReporter -->
<testsuite hostname="Heaven" failures="0" tests="3" name="runner.RunnerClass" time="18.535" errors="0" timestamp="2026-03-19T13:36:52 IST" skipped="0">
  <testcase classname="runner.RunnerClass" name="runScenario" time="8.941"/>
  <testcase classname="runner.RunnerClass" name="runScenario" time="4.904"/>
  <testcase classname="runner.RunnerClass" name="runScenario" time="4.690"/>
</testsuite> <!-- runner.RunnerClass -->
