<?xml version="1.0" encoding="UTF-8"?>
<!-- Generated by org.testng.reporters.JUnitReportReporter -->
<testsuite hostname="Heaven" failures="0" tests="3" name="runner.RunnerClass" time="20.400" errors="0" timestamp="2026-03-19T19:08:05 IST" skipped="0">
  <testcase classname="runner.RunnerClass" name="runScenario" time="6.227"/>
  <testcase classname="runner.RunnerClass" name="runScenario" time="7.155"/>
  <testcase classname="runner.RunnerClass" name="runScenario" time="7.018"/>
</testsuite> <!-- runner.RunnerClass -->
